2022-02-17 17:04:02,998 :INFO : Login_Page :Navigating to login page of application HQM...
2022-02-17 17:04:02,998 :INFO : Login_Page :Getting Test Data
2022-02-17 17:04:03,037 :INFO : Login_Page :{'url': 'https://hqm-frontend-urtjok3rza-wl.a.run.app/login', 'username': 'admin', 'password': '1234@admin', 'logged_in_user': 'Admin Admin', 'Dashboard_links': 'Dashboard All Quiz Category Batch Quiz', 'question': None, 'option1': None, 'option2': None, 'option3': None, 'option4': None, 'answer': None, 'marks': None}
2022-02-17 17:04:03,038 :INFO : Login_Page :Entering the url
2022-02-17 17:04:05,895 :INFO : Login_Page :Entering the Username
2022-02-17 17:04:11,083 :INFO : Login_Page :Entering the Password
2022-02-17 17:04:16,190 :INFO : Login_Page :Clicking login button
2022-02-17 17:04:21,320 :INFO : Login_Page :Validating if the user is successfully logged in
2022-02-17 17:04:21,320 :INFO : Login_Page :user is successfully logged in the account
2022-02-17 17:04:21,320 :INFO : Login_Page :Login functionality for admin user is successfully validated
2022-02-17 17:04:21,320 :INFO : Create_Quiz :Navigating to Quiz Creation section...
2022-02-17 17:04:26,394 :INFO : Create_Quiz :Into Quiz creation section
2022-02-17 17:04:26,394 :INFO : Create_Quiz :Creating a new quiz
2022-02-17 17:04:36,740 :INFO : Create_Quiz :Clicking on create quiz button...
2022-02-17 17:04:36,741 :INFO : All_Quiz :Navigating to All Quiz section...
2022-02-17 17:04:41,846 :INFO : All_Quiz :Into quiz section
2022-02-17 17:04:41,979 :INFO : All_Quiz :Adding new questions to quiz...
2022-02-17 17:04:41,993 :INFO : All_Quiz :Adding new questions to quiz...2
2022-02-17 17:04:41,997 :INFO : All_Quiz :Adding new questions to quiz...3
2022-02-17 17:04:41,998 :INFO : All_Quiz ://*[text()='HashQYC']/parent::tr//button[text()='Add Question']
2022-02-17 17:05:28,677 :INFO : All_Quiz :12.2
2022-02-17 17:05:28,689 :ERROR : Login_Page :Could not add questions to quiz...
2022-02-17 17:05:28,690 :INFO : Login_Page :find_element() takes from 1 to 3 positional arguments but 64 were given
2022-02-17 17:07:19,550 :INFO : Login_Page :Navigating to login page of application HQM...
2022-02-17 17:07:19,570 :INFO : Login_Page :Getting Test Data
2022-02-17 17:07:19,589 :INFO : Login_Page :{'url': 'https://hqm-frontend-urtjok3rza-wl.a.run.app/login', 'username': 'admin', 'password': '1234@admin', 'logged_in_user': 'Admin Admin', 'Dashboard_links': 'Dashboard All Quiz Category Batch Quiz', 'question': None, 'option1': None, 'option2': None, 'option3': None, 'option4': None, 'answer': None, 'marks': None}
2022-02-17 17:07:19,589 :INFO : Login_Page :Entering the url
2022-02-17 17:07:23,859 :INFO : Login_Page :Entering the Username
2022-02-17 17:07:29,052 :INFO : Login_Page :Entering the Password
2022-02-17 17:07:34,162 :INFO : Login_Page :Clicking login button
2022-02-17 17:07:39,288 :INFO : Login_Page :Validating if the user is successfully logged in
2022-02-17 17:07:39,288 :INFO : Login_Page :user is successfully logged in the account
2022-02-17 17:07:39,288 :INFO : Login_Page :Login functionality for admin user is successfully validated
2022-02-17 17:07:39,288 :INFO : Create_Quiz :Navigating to Quiz Creation section...
2022-02-17 17:07:44,384 :INFO : Create_Quiz :Into Quiz creation section
2022-02-17 17:07:44,385 :INFO : Create_Quiz :Creating a new quiz
2022-02-17 17:07:54,710 :INFO : Create_Quiz :Clicking on create quiz button...
2022-02-17 17:07:54,711 :INFO : All_Quiz :Navigating to All Quiz section...
2022-02-17 17:07:59,831 :INFO : All_Quiz :Into quiz section
2022-02-17 17:07:59,965 :INFO : All_Quiz :Adding new questions to quiz...
2022-02-17 17:07:59,984 :INFO : All_Quiz ://*[text()='HashH65']/parent::tr//button[text()='Add Question']
2022-02-17 17:08:41,641 :INFO : All_Quiz :12.1
2022-02-17 17:08:41,648 :ERROR : Login_Page :Could not add questions to quiz...
2022-02-17 17:08:41,648 :INFO : Login_Page :find_element() takes from 1 to 3 positional arguments but 64 were given
